 NAtoms=    6 Energy= -94.5565829519    
 Cartesian Coordinates:
   -0.5533815993D+01    0.7125127346D+00    0.4057090829D+00
   -0.1475721341D+01    0.1805686232D+00    0.1102562602D+00
   -0.6118725726D+01    0.1643864259D+01    0.2289569128D+01
   -0.6637083652D+01   -0.4341662798D+00   -0.1085928288D+01
   -0.8548229074D+00   -0.9878320372D+00   -0.1334322772D+01
   -0.4005554218D+00    0.8548865912D+00    0.1601776468D+01
 Dipole moment:
   -0.3831212345D+01    0.4712249577D+00    0.2934224068D+00
 Cartesian Forces:
   -0.3994671271D-02   -0.4529095822D-01    0.2845334159D-01   -0.1431276997D-01
   -0.1804689556D-01    0.1349774638D-01    0.6379975928D-02    0.6195717598D-02
   -0.3641397056D-01    0.1322061146D-01    0.3393586634D-01    0.8619563610D-02
    0.1684825546D-03    0.1525612475D-01   -0.1264088470D-02   -0.1461628705D-02
    0.7950145094D-02   -0.1289259255D-01
 Cartesian Force constants:
    0.1984179491D+00    0.5640686337D-01    0.1316736478D+00    0.7937936762D-02
    0.2031910826D+00    0.3494641434D+00    0.0000000000D+00    0.0000000000D+00
    0.0000000000D+00    0.2904574213D+00    0.0000000000D+00    0.0000000000D+00
    0.0000000000D+00   -0.3556486137D-01    0.2086261282D+00    0.0000000000D+00
    0.0000000000D+00    0.0000000000D+00    0.8064204992D-01    0.2924940633D+00
    0.4699631579D+00   -0.7622619692D-01    0.2529457124D-01    0.7855647286D-01
    0.0000000000D+00    0.0000000000D+00    0.0000000000D+00    0.4992979511D-01
    0.1329094206D-01   -0.5407039763D-01   -0.9998715614D-01    0.0000000000D+00
    0.0000000000D+00    0.0000000000D+00   -0.2229738011D-01    0.5509692652D-01
    0.5769879613D-01   -0.1054364216D+00   -0.2094012414D+00    0.0000000000D+00
    0.0000000000D+00    0.0000000000D+00   -0.6141078184D-01    0.1058595034D+00
    0.2118215178D+00   -0.1221917522D+00   -0.8170143462D-01   -0.8649440963D-01
    0.0000000000D+00    0.0000000000D+00    0.0000000000D+00    0.2629640180D-01
    0.9006438053D-02    0.3711985704D-02    0.9589535037D-01   -0.6969780543D-01
   -0.7760325019D-01   -0.1032039264D+00    0.0000000000D+00    0.0000000000D+00
    0.0000000000D+00   -0.2997191131D-02   -0.1026528894D-02   -0.4230818618D-03
    0.7269499656D-01    0.7862977909D-01   -0.6563673290D-01   -0.9775466101D-01
   -0.1400629020D+00    0.0000000000D+00    0.0000000000D+00    0.0000000000D+00
   -0.1714569103D-01   -0.5872347299D-02   -0.2420276373D-02    0.8278242392D-01
    0.1036270083D+00    0.1424831784D+00    0.0000000000D+00    0.0000000000D+00
    0.0000000000D+00   -0.1073609485D+00    0.9803492372D-01    0.9584784123D-01
    0.0000000000D+00    0.0000000000D+00    0.0000000000D+00    0.0000000000D+00
    0.0000000000D+00    0.0000000000D+00    0.7690385879D-01    0.0000000000D+00
    0.0000000000D+00    0.0000000000D+00    0.7982690040D-01   -0.1488967402D+00
   -0.1837698390D+00    0.0000000000D+00    0.0000000000D+00    0.0000000000D+00
    0.0000000000D+00    0.0000000000D+00    0.0000000000D+00   -0.7944009522D-01
    0.1486605858D+00    0.0000000000D+00    0.0000000000D+00    0.0000000000D+00
    0.6889581892D-01   -0.1754144757D+00   -0.2280382223D+00    0.0000000000D+00
    0.0000000000D+00    0.0000000000D+00    0.0000000000D+00    0.0000000000D+00
    0.0000000000D+00   -0.8229951802D-01    0.1835977752D+00    0.2340006320D+00
    0.0000000000D+00    0.0000000000D+00    0.0000000000D+00   -0.1830964729D+00
   -0.6247006235D-01   -0.1764898912D+00    0.0000000000D+00    0.0000000000D+00
    0.0000000000D+00    0.0000000000D+00    0.0000000000D+00    0.0000000000D+00
    0.3045708967D-01   -0.3868051724D-03    0.1340369911D-01    0.1526393832D+00
    0.0000000000D+00    0.0000000000D+00    0.0000000000D+00   -0.4426203902D-01
   -0.5972938798D-01   -0.1087242243D+00    0.0000000000D+00    0.0000000000D+00
    0.0000000000D+00    0.0000000000D+00    0.0000000000D+00    0.0000000000D+00
   -0.1859482850D-01    0.2361544035D-03   -0.8183299485D-02    0.6285686752D-01
    0.5949323358D-01    0.0000000000D+00    0.0000000000D+00    0.0000000000D+00
   -0.1495378688D+00   -0.1170795875D+00   -0.2419249356D+00    0.0000000000D+00
    0.0000000000D+00    0.0000000000D+00    0.0000000000D+00    0.0000000000D+00
    0.0000000000D+00   -0.1354832321D-01    0.1720637642D-03   -0.5962409728D-02
    0.1630861920D+00    0.1169075238D+00    0.2478873453D+00
